<?xml version="1.0" encoding="UTF-8"?>
<testng-results skipped="0" failed="0" total="1" passed="1">
  <reporter-output>
  </reporter-output>
  <suite name="Default suite" duration-ms="38" started-at="2015-10-20T15:43:10Z" finished-at="2015-10-20T15:43:10Z">
    <groups>
    </groups>
    <test name="Default test" duration-ms="38" started-at="2015-10-20T15:43:10Z" finished-at="2015-10-20T15:43:10Z">
      <class name="cz.cvut.fit.pavelpat.apj.semestralka.business.RestaurantsFacadeTest">
        <test-method status="PASS" signature="createOrder()[pri:0, instance:cz.cvut.fit.pavelpat.apj.semestralka.business.RestaurantsFacadeTest@c39f790]" name="createOrder" duration-ms="22" started-at="2015-10-20T17:43:10Z" finished-at="2015-10-20T17:43:10Z">
          <reporter-output>
          </reporter-output>
        </test-method> <!-- createOrder -->
      </class> <!-- cz.cvut.fit.pavelpat.apj.semestralka.business.RestaurantsFacadeTest -->
    </test> <!-- Default test -->
  </suite> <!-- Default suite -->
</testng-results>
